<?xml version="1.0" encoding="UTF-8"?>
<!-- Generated by org.testng.reporters.JUnitReportReporter -->
<testsuite hostname="DESKTOP-8NADLR6" failures="0" tests="1" name="testpkg.tiratest" time="33.603" errors="0" timestamp="2024-01-19T20:02:48 IST" skipped="0">
  <testcase classname="testpkg.tiratest" name="performtest" time="33.603"/>
  <system-out/>
</testsuite> <!-- testpkg.tiratest -->
